<?xml version="1.0" encoding="UTF-8"?>
<!-- Generated by org.testng.reporters.JUnitXMLReporter -->
<testsuite hostname="DESKTOP-0S5SOFI" ignored="0" name="Test" tests="3" failures="0" timestamp="29 Dec 2019 12:06:22 GMT" time="74.646" errors="0">
  <testcase name="Test1" time="11.107" classname="myproject.mynewproject.AppTest"/>
  <testcase name="Test2" time="6.594" classname="myproject.mynewproject.AppTest"/>
  <testcase name="Test3" time="3.565" classname="myproject.mynewproject.AppTest"/>
</testsuite> <!-- Test -->
